proof for find:
0: |- EU(x, y, (safe(x)), (okay(y)), {farmer:=false;wolf:=false;goat:=false;cabbage:=false})		[5, 1]

5: {farmer:=false;wolf:=false;goat:=false;cabbage:=false}
|- EU(x, y, (safe(x)), (okay(y)), {farmer:=true;wolf:=false;goat:=true;cabbage:=false})		[12, 9]

1: |- safe({farmer:=false;wolf:=false;goat:=false;cabbage:=false})		[]

12: {farmer:=true;wolf:=false;goat:=true;cabbage:=false}
|- EU(x, y, (safe(x)), (okay(y)), {farmer:=false;wolf:=false;goat:=true;cabbage:=false})		[17, 13]

9: |- safe({farmer:=true;wolf:=false;goat:=true;cabbage:=false})		[]

17: {farmer:=false;wolf:=false;goat:=true;cabbage:=false}
|- EU(x, y, (safe(x)), (okay(y)), {farmer:=true;wolf:=true;goat:=true;cabbage:=false})		[21, 18]

13: |- safe({farmer:=false;wolf:=false;goat:=true;cabbage:=false})		[]

21: {farmer:=true;wolf:=true;goat:=true;cabbage:=false}
|- EU(x, y, (safe(x)), (okay(y)), {farmer:=false;wolf:=true;goat:=false;cabbage:=false})		[28, 25]

18: |- safe({farmer:=true;wolf:=true;goat:=true;cabbage:=false})		[]

28: {farmer:=false;wolf:=true;goat:=false;cabbage:=false}
|- EU(x, y, (safe(x)), (okay(y)), {farmer:=true;wolf:=true;goat:=false;cabbage:=true})		[34, 30]

25: |- safe({farmer:=false;wolf:=true;goat:=false;cabbage:=false})		[]

34: {farmer:=true;wolf:=true;goat:=false;cabbage:=true}
|- EU(x, y, (safe(x)), (okay(y)), {farmer:=false;wolf:=true;goat:=false;cabbage:=true})		[38, 35]

30: |- safe({farmer:=true;wolf:=true;goat:=false;cabbage:=true})		[]

38: {farmer:=false;wolf:=true;goat:=false;cabbage:=true}
|- EU(x, y, (safe(x)), (okay(y)), {farmer:=true;wolf:=true;goat:=true;cabbage:=true})		[40]

35: |- safe({farmer:=false;wolf:=true;goat:=false;cabbage:=true})		[]

40: |- okay({farmer:=true;wolf:=true;goat:=true;cabbage:=true})		[]

***********************************ouput complete**************************************